<?xml version="1.0" encoding="UTF-8"?>
<testsuite name="ohtuesimerkki.StatisticsTest" tests="5" skipped="0" failures="0" errors="0" timestamp="2019-11-04T20:20:05" hostname="DESKTOP-KKU8GV8" time="0.003">
  <properties/>
  <testcase name="teamContainsTwo" classname="ohtuesimerkki.StatisticsTest" time="0.002"/>
  <testcase name="searchIsNull" classname="ohtuesimerkki.StatisticsTest" time="0.0"/>
  <testcase name="searchContainsPlayer" classname="ohtuesimerkki.StatisticsTest" time="0.0"/>
  <testcase name="teamIsEmpty" classname="ohtuesimerkki.StatisticsTest" time="0.0"/>
  <testcase name="topScorersFoundAndOrdered" classname="ohtuesimerkki.StatisticsTest" time="0.001"/>
  <system-out><![CDATA[]]></system-out>
  <system-err><![CDATA[]]></system-err>
</testsuite>
